Using pre-set license
Built from '2020.3/staging' branch; Version is '2020.3.6f1 (338bb68529b2) revision 3378102'; Using compiler version '192528614'; Build Type 'Release'
OS: 'Windows 10 Pro; OS build 19044.1706; Version 2009; 64bit' Language: 'es' Physical Memory: 16332 MB
BatchMode: 1, IsHumanControllingUs: 0, StartBugReporterOnCrash: 0, Is64bit: 1, IsPro: 0

 COMMAND LINE ARGUMENTS:
C:\Program Files\Unity\Hub\Editor\2020.3.6f1\Editor\Unity.exe
-adb2
-batchMode
-noUpm
-name
AssetImportWorker0
-projectPath
C:/Users/Nicol치s/Desktop/Proyecto de titulo/Reciclick/Reciclick-Final2021
-logFile
Logs/AssetImportWorker0.log
-srvPort
54451
Successfully changed project path to: C:/Users/Nicol치s/Desktop/Proyecto de titulo/Reciclick/Reciclick-Final2021
C:/Users/Nicol치s/Desktop/Proyecto de titulo/Reciclick/Reciclick-Final2021
Using Asset Import Pipeline V2.
Refreshing native plugins compatible for Editor in 47.19 ms, found 1 plugins.
Preloading 0 native plugins for Editor in 0.00 ms.
Initialize engine version: 2020.3.6f1 (338bb68529b2)
[Subsystems] Discovering subsystems at path C:/Program Files/Unity/Hub/Editor/2020.3.6f1/Editor/Data/Resources/UnitySubsystems
[Subsystems] Discovering subsystems at path C:/Users/Nicol치s/Desktop/Proyecto de titulo/Reciclick/Reciclick-Final2021/Assets
GfxDevice: creating device client; threaded=0
Direct3D:
    Version:  Direct3D 11.0 [level 11.1]
    Renderer: NVIDIA GeForce GTX 960 (ID=0x1401)
    Vendor:   
    VRAM:     2007 MB
    Driver:   30.0.15.1277
Initialize mono
Mono path[0] = 'C:/Program Files/Unity/Hub/Editor/2020.3.6f1/Editor/Data/Managed'
Mono path[1] = 'C:/Program Files/Unity/Hub/Editor/2020.3.6f1/Editor/Data/MonoBleedingEdge/lib/mono/unityjit'
Mono config path = 'C:/Program Files/Unity/Hub/Editor/2020.3.6f1/Editor/Data/MonoBleedingEdge/etc'
Using monoOptions --debugger-agent=transport=dt_socket,embedding=1,server=y,suspend=n,address=127.0.0.1:56284
Begin MonoManager ReloadAssembly
Registering precompiled unity dll's ...
Register platform support module: C:/Program Files/Unity/Hub/Editor/2020.3.6f1/Editor/Data/PlaybackEngines/WindowsStandaloneSupport/UnityEditor.WindowsStandalone.Extensions.dll
Registered in 0.002897 seconds.
Native extension for WindowsStandalone target not found
Refreshing native plugins compatible for Editor in 44.82 ms, found 1 plugins.
Preloading 0 native plugins for Editor in 0.00 ms.
Mono: successfully reloaded assembly
- Completed reload, in  2.454 seconds
Platform modules already initialized, skipping
Registering precompiled user dll's ...
Registered in 0.002475 seconds.
Begin MonoManager ReloadAssembly
Native extension for WindowsStandalone target not found
Refreshing native plugins compatible for Editor in 44.19 ms, found 1 plugins.
Preloading 0 native plugins for Editor in 0.00 ms.
Mono: successfully reloaded assembly
- Completed reload, in  1.139 seconds
Platform modules already initialized, skipping
========================================================================
Worker process is ready to serve import requests
Launched and connected shader compiler UnityShaderCompiler.exe after 0.05 seconds
Refreshing native plugins compatible for Editor in 0.92 ms, found 1 plugins.
Preloading 0 native plugins for Editor in 0.00 ms.
Unloading 1920 Unused Serialized files (Serialized files now loaded: 0)
System memory in use before: 90.7 MB.
System memory in use after: 90.6 MB.

Unloading 26 unused Assets to reduce memory usage. Loaded Objects now: 2361.
Total: 2.630900 ms (FindLiveObjects: 0.267600 ms CreateObjectMapping: 0.061300 ms MarkObjects: 2.146700 ms  DeleteObjects: 0.154200 ms)

========================================================================
Received Import Request.
  path: Assets/Scenes/1. Inicio de Sesion/cerrarSesionBoton.cs
  artifactKey: Guid(4ebaa450a97e7284c975540039a9d632) Importer(815301076,1909f56bfc062723c751e8b465ee728b)
Start importing Assets/Scenes/1. Inicio de Sesion/cerrarSesionBoton.cs using Guid(4ebaa450a97e7284c975540039a9d632) Importer(815301076,1909f56bfc062723c751e8b465ee728b)  -> (artifact id: '0240b517a1c4084008e8e9e4584f7115') in 0.044863 seconds
  Import took 0.047940 seconds .

========================================================================
Received Import Request.
  Time since last request: 10.188487 seconds.
  path: Assets/Scenes/1. Inicio de Sesion/UpdateSesionTimer.cs
  artifactKey: Guid(8c31732c5df989d4cb6e11ef50a020d7) Importer(815301076,1909f56bfc062723c751e8b465ee728b)
Start importing Assets/Scenes/1. Inicio de Sesion/UpdateSesionTimer.cs using Guid(8c31732c5df989d4cb6e11ef50a020d7) Importer(815301076,1909f56bfc062723c751e8b465ee728b)  -> (artifact id: '3acdc1521a7bfc204340f9a9c8545a67') in 0.011101 seconds
  Import took 0.014211 seconds .

========================================================================
Received Import Request.
  Time since last request: 4.973576 seconds.
  path: Assets/Scenes/1. Inicio de Sesion/TiempoxActividad.cs
  artifactKey: Guid(e21417d008c8ff94599c2e664558e44f) Importer(815301076,1909f56bfc062723c751e8b465ee728b)
Start importing Assets/Scenes/1. Inicio de Sesion/TiempoxActividad.cs using Guid(e21417d008c8ff94599c2e664558e44f) Importer(815301076,1909f56bfc062723c751e8b465ee728b)  -> (artifact id: 'd3e4a023c8ebc304fd5f071049726355') in 0.010427 seconds
  Import took 0.013623 seconds .

AssetImportWorkerClient::OnTransportError - code=2 error=End of file
